# JRE version: OpenJDK Runtime Environment (11.0+28) (build 11+28)
# Java VM: OpenJDK 64-Bit Server VM (11+28, mixed mode, tiered, compressed oops, g1 gc, windows-amd64)
Heap:
 garbage-first heap   total 231424K, used 150942K [0x00000000a8400000, 0x0000000100000000)
  region size 1024K, 5 young (5120K), 2 survivors (2048K)
 Metaspace       used 38177K, capacity 39236K, committed 39552K, reserved 1085440K
  class space    used 4060K, capacity 4388K, committed 4480K, reserved 1048576K
GC Heap History (10 events):
Event: 70.264 GC heap before
{Heap before GC invocations=44 (full 0):
 garbage-first heap   total 192512K, used 161882K [0x00000000a8400000, 0x0000000100000000)
  region size 1024K, 15 young (15360K), 1 survivors (1024K)
 Metaspace       used 35569K, capacity 36510K, committed 36608K, reserved 1081344K
  class space    used 3766K, capacity 4081K, committed 4096K, reserved 1048576K
}
Event: 70.269 GC heap after
{Heap after GC invocations=45 (full 0):
 garbage-first heap   total 192512K, used 152237K [0x00000000a8400000, 0x0000000100000000)
  region size 1024K, 2 young (2048K), 2 survivors (2048K)
 Metaspace       used 35569K, capacity 36510K, committed 36608K, reserved 1081344K
  class space    used 3766K, capacity 4081K, committed 4096K, reserved 1048576K
}
Event: 71.810 GC heap before
{Heap before GC invocations=46 (full 0):
 garbage-first heap   total 192512K, used 161453K [0x00000000a8400000, 0x0000000100000000)
  region size 1024K, 14 young (14336K), 2 survivors (2048K)
 Metaspace       used 36063K, capacity 37025K, committed 37248K, reserved 1083392K
  class space    used 3823K, capacity 4145K, committed 4224K, reserved 1048576K
}
Event: 71.819 GC heap after
{Heap after GC invocations=47 (full 0):
 garbage-first heap   total 192512K, used 151661K [0x00000000a8400000, 0x0000000100000000)
  region size 1024K, 2 young (2048K), 2 survivors (2048K)
 Metaspace       used 36063K, capacity 37025K, committed 37248K, reserved 1083392K
  class space    used 3823K, capacity 4145K, committed 4224K, reserved 1048576K
}
Event: 72.425 GC heap before
{Heap before GC invocations=47 (full 0):
 garbage-first heap   total 192512K, used 158829K [0x00000000a8400000, 0x0000000100000000)
  region size 1024K, 9 young (9216K), 2 survivors (2048K)
 Metaspace       used 36290K, capacity 37267K, committed 37504K, reserved 1083392K
  class space    used 3845K, capacity 4182K, committed 4224K, reserved 1048576K
}
Event: 72.445 GC heap after
{Heap after GC invocations=48 (full 0):
 garbage-first heap   total 192512K, used 147755K [0x00000000a8400000, 0x0000000100000000)
  region size 1024K, 2 young (2048K), 2 survivors (2048K)
 Metaspace       used 36290K, capacity 37267K, committed 37504K, reserved 1083392K
  class space    used 3845K, capacity 4182K, committed 4224K, reserved 1048576K
}
Event: 73.123 GC heap before
{Heap before GC invocations=48 (full 0):
 garbage-first heap   total 192512K, used 160043K [0x00000000a8400000, 0x0000000100000000)
  region size 1024K, 15 young (15360K), 2 survivors (2048K)
 Metaspace       used 36691K, capacity 37781K, committed 38016K, reserved 1083392K
  class space    used 3890K, capacity 4224K, committed 4224K, reserved 1048576K
}
Event: 73.132 GC heap after
{Heap after GC invocations=49 (full 0):
 garbage-first heap   total 231424K, used 149548K [0x00000000a8400000, 0x0000000100000000)
  region size 1024K, 2 young (2048K), 2 survivors (2048K)
 Metaspace       used 36691K, capacity 37781K, committed 38016K, reserved 1083392K
  class space    used 3890K, capacity 4224K, committed 4224K, reserved 1048576K
}
Event: 75.616 GC heap before
{Heap before GC invocations=49 (full 0):
 garbage-first heap   total 231424K, used 177196K [0x00000000a8400000, 0x0000000100000000)
  region size 1024K, 30 young (30720K), 2 survivors (2048K)
 Metaspace       used 38043K, capacity 39073K, committed 39296K, reserved 1083392K
  class space    used 4042K, capacity 4355K, committed 4480K, reserved 1048576K
}
Event: 75.622 GC heap after
{Heap after GC invocations=50 (full 0):
 garbage-first heap   total 231424K, used 149918K [0x00000000a8400000, 0x0000000100000000)
  region size 1024K, 2 young (2048K), 2 survivors (2048K)
 Metaspace       used 38043K, capacity 39073K, committed 39296K, reserved 1083392K
  class space    used 4042K, capacity 4355K, committed 4480K, reserved 1048576K
}

