# JRE version: OpenJDK Runtime Environment Temurin-17.0.4.1+1 (17.0.4.1+1) (build 17.0.4.1+1)
# Java VM: OpenJDK 64-Bit Server VM Temurin-17.0.4.1+1 (17.0.4.1+1, mixed mode, tiered, compressed oops, compressed class ptrs, parallel gc, windows-amd64)
GC Precious Log:
 CPUs: 4 total, 4 available
 Memory: 5611M
 Large Page Support: Disabled
 NUMA Support: Disabled
 Compressed Oops: Enabled (32-bit)
 Alignments: Space 512K, Generation 512K, Heap 2M
 Heap Min Capacity: 100M
 Heap Initial Capacity: 100M
 Heap Max Capacity: 1G
 Pre-touch: Disabled
 Parallel Workers: 4
Heap:
 PSYoungGen      total 6144K, used 2935K [0x00000000eab00000, 0x00000000eb200000, 0x0000000100000000)
  eden space 5632K, 49% used [0x00000000eab00000,0x00000000eadb5c60,0x00000000eb080000)
  from space 512K, 31% used [0x00000000eb180000,0x00000000eb1a8000,0x00000000eb200000)
  to   space 512K, 0% used [0x00000000eb100000,0x00000000eb100000,0x00000000eb180000)
 ParOldGen       total 168960K, used 167314K [0x00000000c0000000, 0x00000000ca500000, 0x00000000eab00000)
  object space 168960K, 99% used [0x00000000c0000000,0x00000000ca364bc0,0x00000000ca500000)
 Metaspace       used 68937K, committed 70144K, reserved 1114112K
  class space    used 7114K, committed 7616K, reserved 1048576K
GC Heap History (20 events):
Event: 108.326 GC heap before
{Heap before GC invocations=222 (full 9):
 PSYoungGen      total 4096K, used 4063K [0x00000000eab00000, 0x00000000eba00000, 0x0000000100000000)
  eden space 1536K, 99% used [0x00000000eab00000,0x00000000eac7ffe8,0x00000000eac80000)
  from space 2560K, 98% used [0x00000000eb180000,0x00000000eb3f8010,0x00000000eb400000)
  to   space 5120K, 0% used [0x00000000eac80000,0x00000000eac80000,0x00000000eb180000)
 ParOldGen       total 168960K, used 162540K [0x00000000c0000000, 0x00000000ca500000, 0x00000000eab00000)
  object space 168960K, 96% used [0x00000000c0000000,0x00000000c9ebb150,0x00000000ca500000)
 Metaspace       used 68802K, committed 70016K, reserved 1114112K
  class space    used 7108K, committed 7616K, reserved 1048576K
}
Event: 108.333 GC heap after
{Heap after GC invocations=222 (full 9):
 PSYoungGen      total 5120K, used 3328K [0x00000000eab00000, 0x00000000eb500000, 0x0000000100000000)
  eden space 1536K, 0% used [0x00000000eab00000,0x00000000eab00000,0x00000000eac80000)
  from space 3584K, 92% used [0x00000000eac80000,0x00000000eafc0010,0x00000000eb000000)
  to   space 4096K, 0% used [0x00000000eb100000,0x00000000eb100000,0x00000000eb500000)
 ParOldGen       total 168960K, used 162540K [0x00000000c0000000, 0x00000000ca500000, 0x00000000eab00000)
  object space 168960K, 96% used [0x00000000c0000000,0x00000000c9ebb150,0x00000000ca500000)
 Metaspace       used 68802K, committed 70016K, reserved 1114112K
  class space    used 7108K, committed 7616K, reserved 1048576K
}
Event: 108.350 GC heap before
{Heap before GC invocations=223 (full 9):
 PSYoungGen      total 5120K, used 4864K [0x00000000eab00000, 0x00000000eb500000, 0x0000000100000000)
  eden space 1536K, 100% used [0x00000000eab00000,0x00000000eac80000,0x00000000eac80000)
  from space 3584K, 92% used [0x00000000eac80000,0x00000000eafc0010,0x00000000eb000000)
  to   space 4096K, 0% used [0x00000000eb100000,0x00000000eb100000,0x00000000eb500000)
 ParOldGen       total 168960K, used 162540K [0x00000000c0000000, 0x00000000ca500000, 0x00000000eab00000)
  object space 168960K, 96% used [0x00000000c0000000,0x00000000c9ebb150,0x00000000ca500000)
 Metaspace       used 68804K, committed 70016K, reserved 1114112K
  class space    used 7108K, committed 7616K, reserved 1048576K
}
Event: 108.359 GC heap after
{Heap after GC invocations=223 (full 9):
 PSYoungGen      total 5632K, used 3392K [0x00000000eab00000, 0x00000000eb480000, 0x0000000100000000)
  eden space 2048K, 0% used [0x00000000eab00000,0x00000000eab00000,0x00000000ead00000)
  from space 3584K, 94% used [0x00000000eb100000,0x00000000eb450010,0x00000000eb480000)
  to   space 3584K, 0% used [0x00000000ead80000,0x00000000ead80000,0x00000000eb100000)
 ParOldGen       total 168960K, used 162556K [0x00000000c0000000, 0x00000000ca500000, 0x00000000eab00000)
  object space 168960K, 96% used [0x00000000c0000000,0x00000000c9ebf150,0x00000000ca500000)
 Metaspace       used 68804K, committed 70016K, reserved 1114112K
  class space    used 7108K, committed 7616K, reserved 1048576K
}
Event: 108.369 GC heap before
{Heap before GC invocations=224 (full 9):
 PSYoungGen      total 5632K, used 5440K [0x00000000eab00000, 0x00000000eb480000, 0x0000000100000000)
  eden space 2048K, 100% used [0x00000000eab00000,0x00000000ead00000,0x00000000ead00000)
  from space 3584K, 94% used [0x00000000eb100000,0x00000000eb450010,0x00000000eb480000)
  to   space 3584K, 0% used [0x00000000ead80000,0x00000000ead80000,0x00000000eb100000)
 ParOldGen       total 168960K, used 162556K [0x00000000c0000000, 0x00000000ca500000, 0x00000000eab00000)
  object space 168960K, 96% used [0x00000000c0000000,0x00000000c9ebf150,0x00000000ca500000)
 Metaspace       used 68805K, committed 70016K, reserved 1114112K
  class space    used 7108K, committed 7616K, reserved 1048576K
}
Event: 108.384 GC heap after
{Heap after GC invocations=224 (full 9):
 PSYoungGen      total 6144K, used 3552K [0x00000000eab00000, 0x00000000eb480000, 0x0000000100000000)
  eden space 2560K, 0% used [0x00000000eab00000,0x00000000eab00000,0x00000000ead80000)
  from space 3584K, 99% used [0x00000000ead80000,0x00000000eb0f8010,0x00000000eb100000)
  to   space 3584K, 0% used [0x00000000eb100000,0x00000000eb100000,0x00000000eb480000)
 ParOldGen       total 168960K, used 162636K [0x00000000c0000000, 0x00000000ca500000, 0x00000000eab00000)
  object space 168960K, 96% used [0x00000000c0000000,0x00000000c9ed3150,0x00000000ca500000)
 Metaspace       used 68805K, committed 70016K, reserved 1114112K
  class space    used 7108K, committed 7616K, reserved 1048576K
}
Event: 108.396 GC heap before
{Heap before GC invocations=225 (full 9):
 PSYoungGen      total 6144K, used 6112K [0x00000000eab00000, 0x00000000eb480000, 0x0000000100000000)
  eden space 2560K, 100% used [0x00000000eab00000,0x00000000ead80000,0x00000000ead80000)
  from space 3584K, 99% used [0x00000000ead80000,0x00000000eb0f8010,0x00000000eb100000)
  to   space 3584K, 0% used [0x00000000eb100000,0x00000000eb100000,0x00000000eb480000)
 ParOldGen       total 168960K, used 162638K [0x00000000c0000000, 0x00000000ca500000, 0x00000000eab00000)
  object space 168960K, 96% used [0x00000000c0000000,0x00000000c9ed39b0,0x00000000ca500000)
 Metaspace       used 68805K, committed 70016K, reserved 1114112K
  class space    used 7108K, committed 7616K, reserved 1048576K
}
Event: 108.407 GC heap after
{Heap after GC invocations=225 (full 9):
 PSYoungGen      total 6144K, used 3392K [0x00000000eab00000, 0x00000000eb500000, 0x0000000100000000)
  eden space 2560K, 0% used [0x00000000eab00000,0x00000000eab00000,0x00000000ead80000)
  from space 3584K, 94% used [0x00000000eb100000,0x00000000eb450010,0x00000000eb480000)
  to   space 3584K, 0% used [0x00000000ead80000,0x00000000ead80000,0x00000000eb100000)
 ParOldGen       total 168960K, used 163078K [0x00000000c0000000, 0x00000000ca500000, 0x00000000eab00000)
  object space 168960K, 96% used [0x00000000c0000000,0x00000000c9f419b0,0x00000000ca500000)
 Metaspace       used 68805K, committed 70016K, reserved 1114112K
  class space    used 7108K, committed 7616K, reserved 1048576K
}
Event: 108.426 GC heap before
{Heap before GC invocations=226 (full 9):
 PSYoungGen      total 6144K, used 5952K [0x00000000eab00000, 0x00000000eb500000, 0x0000000100000000)
  eden space 2560K, 100% used [0x00000000eab00000,0x00000000ead80000,0x00000000ead80000)
  from space 3584K, 94% used [0x00000000eb100000,0x00000000eb450010,0x00000000eb480000)
  to   space 3584K, 0% used [0x00000000ead80000,0x00000000ead80000,0x00000000eb100000)
 ParOldGen       total 168960K, used 163078K [0x00000000c0000000, 0x00000000ca500000, 0x00000000eab00000)
  object space 168960K, 96% used [0x00000000c0000000,0x00000000c9f419b0,0x00000000ca500000)
 Metaspace       used 68805K, committed 70016K, reserved 1114112K
  class space    used 7108K, committed 7616K, reserved 1048576K
}
Event: 108.432 GC heap after
{Heap after GC invocations=226 (full 9):
 PSYoungGen      total 6144K, used 3576K [0x00000000eab00000, 0x00000000eb600000, 0x0000000100000000)
  eden space 2560K, 0% used [0x00000000eab00000,0x00000000eab00000,0x00000000ead80000)
  from space 3584K, 99% used [0x00000000ead80000,0x00000000eb0fe230,0x00000000eb100000)
  to   space 4096K, 0% used [0x00000000eb200000,0x00000000eb200000,0x00000000eb600000)
 ParOldGen       total 168960K, used 163126K [0x00000000c0000000, 0x00000000ca500000, 0x00000000eab00000)
  object space 168960K, 96% used [0x00000000c0000000,0x00000000c9f4d9b0,0x00000000ca500000)
 Metaspace       used 68805K, committed 70016K, reserved 1114112K
  class space    used 7108K, committed 7616K, reserved 1048576K
}
Event: 108.478 GC heap before
{Heap before GC invocations=227 (full 9):
 PSYoungGen      total 6144K, used 6136K [0x00000000eab00000, 0x00000000eb600000, 0x0000000100000000)
  eden space 2560K, 100% used [0x00000000eab00000,0x00000000ead80000,0x00000000ead80000)
  from space 3584K, 99% used [0x00000000ead80000,0x00000000eb0fe230,0x00000000eb100000)
  to   space 4096K, 0% used [0x00000000eb200000,0x00000000eb200000,0x00000000eb600000)
 ParOldGen       total 168960K, used 163126K [0x00000000c0000000, 0x00000000ca500000, 0x00000000eab00000)
  object space 168960K, 96% used [0x00000000c0000000,0x00000000c9f4d9b0,0x00000000ca500000)
 Metaspace       used 68805K, committed 70016K, reserved 1114112K
  class space    used 7108K, committed 7616K, reserved 1048576K
}
Event: 108.491 GC heap after
{Heap after GC invocations=227 (full 9):
 PSYoungGen      total 5120K, used 1696K [0x00000000eab00000, 0x00000000eb400000, 0x0000000100000000)
  eden space 3072K, 0% used [0x00000000eab00000,0x00000000eab00000,0x00000000eae00000)
  from space 2048K, 82% used [0x00000000eb200000,0x00000000eb3a8000,0x00000000eb400000)
  to   space 2560K, 0% used [0x00000000eaf00000,0x00000000eaf00000,0x00000000eb180000)
 ParOldGen       total 168960K, used 165174K [0x00000000c0000000, 0x00000000ca500000, 0x00000000eab00000)
  object space 168960K, 97% used [0x00000000c0000000,0x00000000ca14d9c0,0x00000000ca500000)
 Metaspace       used 68805K, committed 70016K, reserved 1114112K
  class space    used 7108K, committed 7616K, reserved 1048576K
}
Event: 108.509 GC heap before
{Heap before GC invocations=228 (full 9):
 PSYoungGen      total 5120K, used 4768K [0x00000000eab00000, 0x00000000eb400000, 0x0000000100000000)
  eden space 3072K, 100% used [0x00000000eab00000,0x00000000eae00000,0x00000000eae00000)
  from space 2048K, 82% used [0x00000000eb200000,0x00000000eb3a8000,0x00000000eb400000)
  to   space 2560K, 0% used [0x00000000eaf00000,0x00000000eaf00000,0x00000000eb180000)
 ParOldGen       total 168960K, used 165174K [0x00000000c0000000, 0x00000000ca500000, 0x00000000eab00000)
  object space 168960K, 97% used [0x00000000c0000000,0x00000000ca14d9c0,0x00000000ca500000)
 Metaspace       used 68807K, committed 70016K, reserved 1114112K
  class space    used 7108K, committed 7616K, reserved 1048576K
}
Event: 108.515 GC heap after
{Heap after GC invocations=228 (full 9):
 PSYoungGen      total 5632K, used 1120K [0x00000000eab00000, 0x00000000eb280000, 0x0000000100000000)
  eden space 4096K, 0% used [0x00000000eab00000,0x00000000eab00000,0x00000000eaf00000)
  from space 1536K, 72% used [0x00000000eaf00000,0x00000000eb018000,0x00000000eb080000)
  to   space 1536K, 0% used [0x00000000eb100000,0x00000000eb100000,0x00000000eb280000)
 ParOldGen       total 168960K, used 166022K [0x00000000c0000000, 0x00000000ca500000, 0x00000000eab00000)
  object space 168960K, 98% used [0x00000000c0000000,0x00000000ca2219c0,0x00000000ca500000)
 Metaspace       used 68807K, committed 70016K, reserved 1114112K
  class space    used 7108K, committed 7616K, reserved 1048576K
}
Event: 108.751 GC heap before
{Heap before GC invocations=229 (full 9):
 PSYoungGen      total 5632K, used 5216K [0x00000000eab00000, 0x00000000eb280000, 0x0000000100000000)
  eden space 4096K, 100% used [0x00000000eab00000,0x00000000eaf00000,0x00000000eaf00000)
  from space 1536K, 72% used [0x00000000eaf00000,0x00000000eb018000,0x00000000eb080000)
  to   space 1536K, 0% used [0x00000000eb100000,0x00000000eb100000,0x00000000eb280000)
 ParOldGen       total 168960K, used 166022K [0x00000000c0000000, 0x00000000ca500000, 0x00000000eab00000)
  object space 168960K, 98% used [0x00000000c0000000,0x00000000ca2219c0,0x00000000ca500000)
 Metaspace       used 68855K, committed 70080K, reserved 1114112K
  class space    used 7111K, committed 7616K, reserved 1048576K
}
Event: 108.756 GC heap after
{Heap after GC invocations=229 (full 9):
 PSYoungGen      total 6144K, used 969K [0x00000000eab00000, 0x00000000eb300000, 0x0000000100000000)
  eden space 4608K, 0% used [0x00000000eab00000,0x00000000eab00000,0x00000000eaf80000)
  from space 1536K, 63% used [0x00000000eb100000,0x00000000eb1f2400,0x00000000eb280000)
  to   space 1536K, 0% used [0x00000000eaf80000,0x00000000eaf80000,0x00000000eb100000)
 ParOldGen       total 168960K, used 166462K [0x00000000c0000000, 0x00000000ca500000, 0x00000000eab00000)
  object space 168960K, 98% used [0x00000000c0000000,0x00000000ca28f9c0,0x00000000ca500000)
 Metaspace       used 68855K, committed 70080K, reserved 1114112K
  class space    used 7111K, committed 7616K, reserved 1048576K
}
Event: 108.913 GC heap before
{Heap before GC invocations=230 (full 9):
 PSYoungGen      total 6144K, used 5577K [0x00000000eab00000, 0x00000000eb300000, 0x0000000100000000)
  eden space 4608K, 100% used [0x00000000eab00000,0x00000000eaf80000,0x00000000eaf80000)
  from space 1536K, 63% used [0x00000000eb100000,0x00000000eb1f2400,0x00000000eb280000)
  to   space 1536K, 0% used [0x00000000eaf80000,0x00000000eaf80000,0x00000000eb100000)
 ParOldGen       total 168960K, used 166462K [0x00000000c0000000, 0x00000000ca500000, 0x00000000eab00000)
  object space 168960K, 98% used [0x00000000c0000000,0x00000000ca28f9c0,0x00000000ca500000)
 Metaspace       used 68902K, committed 70080K, reserved 1114112K
  class space    used 7112K, committed 7616K, reserved 1048576K
}
Event: 108.917 GC heap after
{Heap after GC invocations=230 (full 9):
 PSYoungGen      total 6144K, used 468K [0x00000000eab00000, 0x00000000eb280000, 0x0000000100000000)
  eden space 4608K, 0% used [0x00000000eab00000,0x00000000eab00000,0x00000000eaf80000)
  from space 1536K, 30% used [0x00000000eaf80000,0x00000000eaff5200,0x00000000eb100000)
  to   space 1024K, 0% used [0x00000000eb180000,0x00000000eb180000,0x00000000eb280000)
 ParOldGen       total 168960K, used 166902K [0x00000000c0000000, 0x00000000ca500000, 0x00000000eab00000)
  object space 168960K, 98% used [0x00000000c0000000,0x00000000ca2fd9c0,0x00000000ca500000)
 Metaspace       used 68902K, committed 70080K, reserved 1114112K
  class space    used 7112K, committed 7616K, reserved 1048576K
}
Event: 109.159 GC heap before
{Heap before GC invocations=231 (full 9):
 PSYoungGen      total 6144K, used 5076K [0x00000000eab00000, 0x00000000eb280000, 0x0000000100000000)
  eden space 4608K, 100% used [0x00000000eab00000,0x00000000eaf80000,0x00000000eaf80000)
  from space 1536K, 30% used [0x00000000eaf80000,0x00000000eaff5200,0x00000000eb100000)
  to   space 1024K, 0% used [0x00000000eb180000,0x00000000eb180000,0x00000000eb280000)
 ParOldGen       total 168960K, used 166902K [0x00000000c0000000, 0x00000000ca500000, 0x00000000eab00000)
  object space 168960K, 98% used [0x00000000c0000000,0x00000000ca2fd9c0,0x00000000ca500000)
 Metaspace       used 68930K, committed 70144K, reserved 1114112K
  class space    used 7114K, committed 7616K, reserved 1048576K
}
Event: 109.163 GC heap after
{Heap after GC invocations=231 (full 9):
 PSYoungGen      total 6144K, used 160K [0x00000000eab00000, 0x00000000eb200000, 0x0000000100000000)
  eden space 5632K, 0% used [0x00000000eab00000,0x00000000eab00000,0x00000000eb080000)
  from space 512K, 31% used [0x00000000eb180000,0x00000000eb1a8000,0x00000000eb200000)
  to   space 512K, 0% used [0x00000000eb100000,0x00000000eb100000,0x00000000eb180000)
 ParOldGen       total 168960K, used 167314K [0x00000000c0000000, 0x00000000ca500000, 0x00000000eab00000)
  object space 168960K, 99% used [0x00000000c0000000,0x00000000ca364bc0,0x00000000ca500000)
 Metaspace       used 68930K, committed 70144K, reserved 1114112K
  class space    used 7114K, committed 7616K, reserved 1048576K
}

